<?xml version="1.0" encoding="UTF-8"?>
<testsuite xmlns:xsi="http://www.w3.org/2001/XMLSchema-instance" xsi:noNamespaceSchemaLocation="https://maven.apache.org/surefire/maven-surefire-plugin/xsd/surefire-test-report-3.0.xsd" version="3.0" name="TestSuite" time="13.539" tests="4" errors="0" skipped="0" failures="0">
  <properties>
    <property name="sun.desktop" value="gnome"/>
    <property name="awt.toolkit" value="sun.awt.X11.XToolkit"/>
    <property name="java.specification.version" value="11"/>
    <property name="sun.cpu.isalist" value=""/>
    <property name="sun.jnu.encoding" value="UTF-8"/>
    <property name="java.class.path" value="/home/sameera/eclipse-workspace/PetStoreAutomation/target/test-classes:/home/sameera/eclipse-workspace/PetStoreAutomation/target/classes:/home/sameera/.m2/repository/io/rest-assured/rest-assured/4.5.1/rest-assured-4.5.1.jar:/home/sameera/.m2/repository/org/codehaus/groovy/groovy/3.0.9/groovy-3.0.9.jar:/home/sameera/.m2/repository/org/codehaus/groovy/groovy-xml/3.0.9/groovy-xml-3.0.9.jar:/home/sameera/.m2/repository/org/apache/httpcomponents/httpclient/4.5.13/httpclient-4.5.13.jar:/home/sameera/.m2/repository/org/apache/httpcomponents/httpcore/4.4.13/httpcore-4.4.13.jar:/home/sameera/.m2/repository/commons-logging/commons-logging/1.2/commons-logging-1.2.jar:/home/sameera/.m2/repository/org/apache/httpcomponents/httpmime/4.5.13/httpmime-4.5.13.jar:/home/sameera/.m2/repository/org/hamcrest/hamcrest/2.1/hamcrest-2.1.jar:/home/sameera/.m2/repository/org/ccil/cowan/tagsoup/tagsoup/1.2.1/tagsoup-1.2.1.jar:/home/sameera/.m2/repository/io/rest-assured/xml-path/4.5.1/xml-path-4.5.1.jar:/home/sameera/.m2/repository/io/rest-assured/json-path/5.4.0/json-path-5.4.0.jar:/home/sameera/.m2/repository/org/apache/groovy/groovy-json/4.0.16/groovy-json-4.0.16.jar:/home/sameera/.m2/repository/org/apache/groovy/groovy/4.0.16/groovy-4.0.16.jar:/home/sameera/.m2/repository/io/rest-assured/rest-assured-common/5.4.0/rest-assured-common-5.4.0.jar:/home/sameera/.m2/repository/org/json/json/20231013/json-20231013.jar:/home/sameera/.m2/repository/org/testng/testng/6.14.3/testng-6.14.3.jar:/home/sameera/.m2/repository/com/beust/jcommander/1.72/jcommander-1.72.jar:/home/sameera/.m2/repository/org/apache-extras/beanshell/bsh/2.0b6/bsh-2.0b6.jar:/home/sameera/.m2/repository/com/github/scribejava/scribejava-apis/8.3.1/scribejava-apis-8.3.1.jar:/home/sameera/.m2/repository/com/github/scribejava/scribejava-core/8.3.1/scribejava-core-8.3.1.jar:/home/sameera/.m2/repository/com/github/scribejava/scribejava-java8/8.3.1/scribejava-java8-8.3.1.jar:/home/sameera/.m2/repository/com/fasterxml/jackson/core/jackson-databind/2.12.3/jackson-databind-2.12.3.jar:/home/sameera/.m2/repository/com/fasterxml/jackson/core/jackson-annotations/2.12.3/jackson-annotations-2.12.3.jar:/home/sameera/.m2/repository/com/fasterxml/jackson/core/jackson-core/2.12.3/jackson-core-2.12.3.jar:/home/sameera/.m2/repository/io/rest-assured/json-schema-validator/5.3.0/json-schema-validator-5.3.0.jar:/home/sameera/.m2/repository/com/github/java-json-tools/json-schema-validator/2.2.14/json-schema-validator-2.2.14.jar:/home/sameera/.m2/repository/com/google/guava/guava/28.2-android/guava-28.2-android.jar:/home/sameera/.m2/repository/com/google/guava/failureaccess/1.0.1/failureaccess-1.0.1.jar:/home/sameera/.m2/repository/com/google/guava/listenablefuture/9999.0-empty-to-avoid-conflict-with-guava/listenablefuture-9999.0-empty-to-avoid-conflict-with-guava.jar:/home/sameera/.m2/repository/org/checkerframework/checker-compat-qual/2.5.5/checker-compat-qual-2.5.5.jar:/home/sameera/.m2/repository/com/google/errorprone/error_prone_annotations/2.3.4/error_prone_annotations-2.3.4.jar:/home/sameera/.m2/repository/com/google/j2objc/j2objc-annotations/1.3/j2objc-annotations-1.3.jar:/home/sameera/.m2/repository/com/github/java-json-tools/jackson-coreutils-equivalence/1.0/jackson-coreutils-equivalence-1.0.jar:/home/sameera/.m2/repository/com/github/java-json-tools/jackson-coreutils/2.0/jackson-coreutils-2.0.jar:/home/sameera/.m2/repository/com/github/java-json-tools/msg-simple/1.2/msg-simple-1.2.jar:/home/sameera/.m2/repository/com/github/java-json-tools/btf/1.3/btf-1.3.jar:/home/sameera/.m2/repository/com/github/java-json-tools/json-schema-core/1.2.14/json-schema-core-1.2.14.jar:/home/sameera/.m2/repository/com/github/java-json-tools/uri-template/0.10/uri-template-0.10.jar:/home/sameera/.m2/repository/org/mozilla/rhino/1.7.7.2/rhino-1.7.7.2.jar:/home/sameera/.m2/repository/com/sun/mail/mailapi/1.6.2/mailapi-1.6.2.jar:/home/sameera/.m2/repository/joda-time/joda-time/2.10.5/joda-time-2.10.5.jar:/home/sameera/.m2/repository/com/googlecode/libphonenumber/libphonenumber/8.11.1/libphonenumber-8.11.1.jar:/home/sameera/.m2/repository/com/google/code/findbugs/jsr305/3.0.2/jsr305-3.0.2.jar:/home/sameera/.m2/repository/net/sf/jopt-simple/jopt-simple/5.0.4/jopt-simple-5.0.4.jar:/home/sameera/.m2/repository/com/github/javafaker/javafaker/1.0.2/javafaker-1.0.2.jar:/home/sameera/.m2/repository/org/apache/commons/commons-lang3/3.5/commons-lang3-3.5.jar:/home/sameera/.m2/repository/org/yaml/snakeyaml/1.23/snakeyaml-1.23-android.jar:/home/sameera/.m2/repository/com/github/mifmif/generex/1.0.2/generex-1.0.2.jar:/home/sameera/.m2/repository/dk/brics/automaton/automaton/1.11-8/automaton-1.11-8.jar:/home/sameera/.m2/repository/org/apache/poi/poi/4.1.2/poi-4.1.2.jar:/home/sameera/.m2/repository/commons-codec/commons-codec/1.13/commons-codec-1.13.jar:/home/sameera/.m2/repository/org/apache/commons/commons-collections4/4.4/commons-collections4-4.4.jar:/home/sameera/.m2/repository/org/apache/commons/commons-math3/3.6.1/commons-math3-3.6.1.jar:/home/sameera/.m2/repository/com/zaxxer/SparseBitSet/1.2/SparseBitSet-1.2.jar:/home/sameera/.m2/repository/org/apache/poi/poi-ooxml/4.1.2/poi-ooxml-4.1.2.jar:/home/sameera/.m2/repository/org/apache/poi/poi-ooxml-schemas/4.1.2/poi-ooxml-schemas-4.1.2.jar:/home/sameera/.m2/repository/org/apache/xmlbeans/xmlbeans/3.1.0/xmlbeans-3.1.0.jar:/home/sameera/.m2/repository/org/apache/commons/commons-compress/1.19/commons-compress-1.19.jar:/home/sameera/.m2/repository/com/github/virtuald/curvesapi/1.06/curvesapi-1.06.jar:/home/sameera/.m2/repository/com/aventstack/extentreports/5.0.9/extentreports-5.0.9.jar:/home/sameera/.m2/repository/io/reactivex/rxjava3/rxjava/3.0.4/rxjava-3.0.4.jar:/home/sameera/.m2/repository/org/reactivestreams/reactive-streams/1.0.3/reactive-streams-1.0.3.jar:/home/sameera/.m2/repository/org/freemarker/freemarker/2.3.30/freemarker-2.3.30.jar:/home/sameera/.m2/repository/org/projectlombok/lombok/1.18.12/lombok-1.18.12.jar:/home/sameera/.m2/repository/com/google/code/gson/gson/2.8.6/gson-2.8.6.jar:"/>
    <property name="java.vm.vendor" value="Oracle Corporation"/>
    <property name="sun.arch.data.model" value="64"/>
    <property name="java.vendor.url" value="http://java.oracle.com/"/>
    <property name="user.timezone" value="Asia/Colombo"/>
    <property name="java.vm.specification.version" value="11"/>
    <property name="os.name" value="Linux"/>
    <property name="sun.java.launcher" value="SUN_STANDARD"/>
    <property name="user.country" value="US"/>
    <property name="sun.boot.library.path" value="/usr/lib/jvm/jdk-11.0.5/lib"/>
    <property name="sun.java.command" value="/home/sameera/eclipse-workspace/PetStoreAutomation/target/surefire/surefirebooter-20240819220320793_3.jar /home/sameera/eclipse-workspace/PetStoreAutomation/target/surefire 2024-08-19T22-03-20_359-jvmRun1 surefire-20240819220320793_1tmp surefire_0-20240819220320793_2tmp"/>
    <property name="jdk.debug" value="release"/>
    <property name="surefire.test.class.path" value="/home/sameera/eclipse-workspace/PetStoreAutomation/target/test-classes:/home/sameera/eclipse-workspace/PetStoreAutomation/target/classes:/home/sameera/.m2/repository/io/rest-assured/rest-assured/4.5.1/rest-assured-4.5.1.jar:/home/sameera/.m2/repository/org/codehaus/groovy/groovy/3.0.9/groovy-3.0.9.jar:/home/sameera/.m2/repository/org/codehaus/groovy/groovy-xml/3.0.9/groovy-xml-3.0.9.jar:/home/sameera/.m2/repository/org/apache/httpcomponents/httpclient/4.5.13/httpclient-4.5.13.jar:/home/sameera/.m2/repository/org/apache/httpcomponents/httpcore/4.4.13/httpcore-4.4.13.jar:/home/sameera/.m2/repository/commons-logging/commons-logging/1.2/commons-logging-1.2.jar:/home/sameera/.m2/repository/org/apache/httpcomponents/httpmime/4.5.13/httpmime-4.5.13.jar:/home/sameera/.m2/repository/org/hamcrest/hamcrest/2.1/hamcrest-2.1.jar:/home/sameera/.m2/repository/org/ccil/cowan/tagsoup/tagsoup/1.2.1/tagsoup-1.2.1.jar:/home/sameera/.m2/repository/io/rest-assured/xml-path/4.5.1/xml-path-4.5.1.jar:/home/sameera/.m2/repository/io/rest-assured/json-path/5.4.0/json-path-5.4.0.jar:/home/sameera/.m2/repository/org/apache/groovy/groovy-json/4.0.16/groovy-json-4.0.16.jar:/home/sameera/.m2/repository/org/apache/groovy/groovy/4.0.16/groovy-4.0.16.jar:/home/sameera/.m2/repository/io/rest-assured/rest-assured-common/5.4.0/rest-assured-common-5.4.0.jar:/home/sameera/.m2/repository/org/json/json/20231013/json-20231013.jar:/home/sameera/.m2/repository/org/testng/testng/6.14.3/testng-6.14.3.jar:/home/sameera/.m2/repository/com/beust/jcommander/1.72/jcommander-1.72.jar:/home/sameera/.m2/repository/org/apache-extras/beanshell/bsh/2.0b6/bsh-2.0b6.jar:/home/sameera/.m2/repository/com/github/scribejava/scribejava-apis/8.3.1/scribejava-apis-8.3.1.jar:/home/sameera/.m2/repository/com/github/scribejava/scribejava-core/8.3.1/scribejava-core-8.3.1.jar:/home/sameera/.m2/repository/com/github/scribejava/scribejava-java8/8.3.1/scribejava-java8-8.3.1.jar:/home/sameera/.m2/repository/com/fasterxml/jackson/core/jackson-databind/2.12.3/jackson-databind-2.12.3.jar:/home/sameera/.m2/repository/com/fasterxml/jackson/core/jackson-annotations/2.12.3/jackson-annotations-2.12.3.jar:/home/sameera/.m2/repository/com/fasterxml/jackson/core/jackson-core/2.12.3/jackson-core-2.12.3.jar:/home/sameera/.m2/repository/io/rest-assured/json-schema-validator/5.3.0/json-schema-validator-5.3.0.jar:/home/sameera/.m2/repository/com/github/java-json-tools/json-schema-validator/2.2.14/json-schema-validator-2.2.14.jar:/home/sameera/.m2/repository/com/google/guava/guava/28.2-android/guava-28.2-android.jar:/home/sameera/.m2/repository/com/google/guava/failureaccess/1.0.1/failureaccess-1.0.1.jar:/home/sameera/.m2/repository/com/google/guava/listenablefuture/9999.0-empty-to-avoid-conflict-with-guava/listenablefuture-9999.0-empty-to-avoid-conflict-with-guava.jar:/home/sameera/.m2/repository/org/checkerframework/checker-compat-qual/2.5.5/checker-compat-qual-2.5.5.jar:/home/sameera/.m2/repository/com/google/errorprone/error_prone_annotations/2.3.4/error_prone_annotations-2.3.4.jar:/home/sameera/.m2/repository/com/google/j2objc/j2objc-annotations/1.3/j2objc-annotations-1.3.jar:/home/sameera/.m2/repository/com/github/java-json-tools/jackson-coreutils-equivalence/1.0/jackson-coreutils-equivalence-1.0.jar:/home/sameera/.m2/repository/com/github/java-json-tools/jackson-coreutils/2.0/jackson-coreutils-2.0.jar:/home/sameera/.m2/repository/com/github/java-json-tools/msg-simple/1.2/msg-simple-1.2.jar:/home/sameera/.m2/repository/com/github/java-json-tools/btf/1.3/btf-1.3.jar:/home/sameera/.m2/repository/com/github/java-json-tools/json-schema-core/1.2.14/json-schema-core-1.2.14.jar:/home/sameera/.m2/repository/com/github/java-json-tools/uri-template/0.10/uri-template-0.10.jar:/home/sameera/.m2/repository/org/mozilla/rhino/1.7.7.2/rhino-1.7.7.2.jar:/home/sameera/.m2/repository/com/sun/mail/mailapi/1.6.2/mailapi-1.6.2.jar:/home/sameera/.m2/repository/joda-time/joda-time/2.10.5/joda-time-2.10.5.jar:/home/sameera/.m2/repository/com/googlecode/libphonenumber/libphonenumber/8.11.1/libphonenumber-8.11.1.jar:/home/sameera/.m2/repository/com/google/code/findbugs/jsr305/3.0.2/jsr305-3.0.2.jar:/home/sameera/.m2/repository/net/sf/jopt-simple/jopt-simple/5.0.4/jopt-simple-5.0.4.jar:/home/sameera/.m2/repository/com/github/javafaker/javafaker/1.0.2/javafaker-1.0.2.jar:/home/sameera/.m2/repository/org/apache/commons/commons-lang3/3.5/commons-lang3-3.5.jar:/home/sameera/.m2/repository/org/yaml/snakeyaml/1.23/snakeyaml-1.23-android.jar:/home/sameera/.m2/repository/com/github/mifmif/generex/1.0.2/generex-1.0.2.jar:/home/sameera/.m2/repository/dk/brics/automaton/automaton/1.11-8/automaton-1.11-8.jar:/home/sameera/.m2/repository/org/apache/poi/poi/4.1.2/poi-4.1.2.jar:/home/sameera/.m2/repository/commons-codec/commons-codec/1.13/commons-codec-1.13.jar:/home/sameera/.m2/repository/org/apache/commons/commons-collections4/4.4/commons-collections4-4.4.jar:/home/sameera/.m2/repository/org/apache/commons/commons-math3/3.6.1/commons-math3-3.6.1.jar:/home/sameera/.m2/repository/com/zaxxer/SparseBitSet/1.2/SparseBitSet-1.2.jar:/home/sameera/.m2/repository/org/apache/poi/poi-ooxml/4.1.2/poi-ooxml-4.1.2.jar:/home/sameera/.m2/repository/org/apache/poi/poi-ooxml-schemas/4.1.2/poi-ooxml-schemas-4.1.2.jar:/home/sameera/.m2/repository/org/apache/xmlbeans/xmlbeans/3.1.0/xmlbeans-3.1.0.jar:/home/sameera/.m2/repository/org/apache/commons/commons-compress/1.19/commons-compress-1.19.jar:/home/sameera/.m2/repository/com/github/virtuald/curvesapi/1.06/curvesapi-1.06.jar:/home/sameera/.m2/repository/com/aventstack/extentreports/5.0.9/extentreports-5.0.9.jar:/home/sameera/.m2/repository/io/reactivex/rxjava3/rxjava/3.0.4/rxjava-3.0.4.jar:/home/sameera/.m2/repository/org/reactivestreams/reactive-streams/1.0.3/reactive-streams-1.0.3.jar:/home/sameera/.m2/repository/org/freemarker/freemarker/2.3.30/freemarker-2.3.30.jar:/home/sameera/.m2/repository/org/projectlombok/lombok/1.18.12/lombok-1.18.12.jar:/home/sameera/.m2/repository/com/google/code/gson/gson/2.8.6/gson-2.8.6.jar:"/>
    <property name="sun.cpu.endian" value="little"/>
    <property name="user.home" value="/home/sameera"/>
    <property name="user.language" value="en"/>
    <property name="java.specification.vendor" value="Oracle Corporation"/>
    <property name="java.version.date" value="2019-10-15"/>
    <property name="java.home" value="/usr/lib/jvm/jdk-11.0.5"/>
    <property name="file.separator" value="/"/>
    <property name="basedir" value="/home/sameera/eclipse-workspace/PetStoreAutomation"/>
    <property name="java.vm.compressedOopsMode" value="32-bit"/>
    <property name="line.separator" value="&#10;"/>
    <property name="java.specification.name" value="Java Platform API Specification"/>
    <property name="java.vm.specification.vendor" value="Oracle Corporation"/>
    <property name="java.awt.graphicsenv" value="sun.awt.X11GraphicsEnvironment"/>
    <property name="surefire.real.class.path" value="/home/sameera/eclipse-workspace/PetStoreAutomation/target/surefire/surefirebooter-20240819220320793_3.jar"/>
    <property name="sun.management.compiler" value="HotSpot 64-Bit Tiered Compilers"/>
    <property name="java.runtime.version" value="11.0.5+10-LTS"/>
    <property name="user.name" value="sameera"/>
    <property name="path.separator" value=":"/>
    <property name="os.version" value="4.15.0-213-generic"/>
    <property name="java.runtime.name" value="Java(TM) SE Runtime Environment"/>
    <property name="file.encoding" value="UTF-8"/>
    <property name="java.vm.name" value="Java HotSpot(TM) 64-Bit Server VM"/>
    <property name="java.vendor.version" value="18.9"/>
    <property name="localRepository" value="/home/sameera/.m2/repository"/>
    <property name="java.vendor.url.bug" value="http://bugreport.java.com/bugreport/"/>
    <property name="java.io.tmpdir" value="/tmp"/>
    <property name="java.version" value="11.0.5"/>
    <property name="user.dir" value="/home/sameera/eclipse-workspace/PetStoreAutomation"/>
    <property name="os.arch" value="amd64"/>
    <property name="java.vm.specification.name" value="Java Virtual Machine Specification"/>
    <property name="java.awt.printerjob" value="sun.print.PSPrinterJob"/>
    <property name="sun.os.patch.level" value="unknown"/>
    <property name="java.library.path" value="/usr/java/packages/lib:/usr/lib64:/lib64:/lib:/usr/lib"/>
    <property name="java.vendor" value="Oracle Corporation"/>
    <property name="java.vm.info" value="mixed mode"/>
    <property name="java.vm.version" value="11.0.5+10-LTS"/>
    <property name="sun.io.unicode.encoding" value="UnicodeLittle"/>
    <property name="java.class.version" value="55.0"/>
  </properties>
  <testcase name="testPostUser" classname="api.test.UserTests2" time="5.287">
    <system-out><![CDATA[[TestNGContentHandler] [WARN] It is strongly recommended to add "<!DOCTYPE suite SYSTEM "http://testng.org/testng-1.0.dtd" >" at the top of your file, otherwise TestNG may fail or not work as expected.
HTTP/1.1 200 OK
Date: Mon, 19 Aug 2024 16:33:28 GMT
Content-Type: application/json
Transfer-Encoding: chunked
Connection: keep-alive
Access-Control-Allow-Origin: *
Access-Control-Allow-Methods: GET, POST, DELETE, PUT
Access-Control-Allow-Headers: Content-Type, api_key, Authorization
Server: Jetty(9.2.9.v20150224)

{
    "code": 200,
    "type": "unknown",
    "message": "2130357594"
}
]]></system-out>
  </testcase>
  <testcase name="testGetDataByUserName" classname="api.test.UserTests2" time="1.641">
    <system-out><![CDATA[HTTP/1.1 200 OK
Date: Mon, 19 Aug 2024 16:33:30 GMT
Content-Type: application/json
Transfer-Encoding: chunked
Connection: keep-alive
Access-Control-Allow-Origin: *
Access-Control-Allow-Methods: GET, POST, DELETE, PUT
Access-Control-Allow-Headers: Content-Type, api_key, Authorization
Server: Jetty(9.2.9.v20150224)

{
    "id": 2130357594,
    "username": "franklyn.bauch",
    "firstName": "Gertrud",
    "lastName": "elane.champlin@yahoo.com",
    "password": "yjoprunxf",
    "phone": "709.851.4161",
    "userStatus": 0
}
]]></system-out>
  </testcase>
  <testcase name="testUpdateUserByUserName" classname="api.test.UserTests2" time="3.056">
    <system-out><![CDATA[HTTP/1.1 200 OK
Date: Mon, 19 Aug 2024 16:33:31 GMT
Content-Type: application/json
Transfer-Encoding: chunked
Connection: keep-alive
Access-Control-Allow-Origin: *
Access-Control-Allow-Methods: GET, POST, DELETE, PUT
Access-Control-Allow-Headers: Content-Type, api_key, Authorization
Server: Jetty(9.2.9.v20150224)

{
    "code": 200,
    "type": "unknown",
    "message": "2130357594"
}
]]></system-out>
  </testcase>
  <testcase name="testDeleteUserByUserName" classname="api.test.UserTests2" time="1.527"/>
</testsuite>