<?xml version="1.0" encoding="UTF-8"?>
<!-- Generated by org.testng.reporters.JUnitReportReporter -->
<testsuite hostname="sameera-HP-Pavilion-g6-Notebook-PC" failures="0" tests="4" name="api.test.UserTests2" time="10.277" errors="0" timestamp="19 Aug 2024 13:40:48 GMT" skipped="0">
  <testcase classname="api.test.UserTests2" name="testPostUser" time="4.399"/>
  <testcase classname="api.test.UserTests2" name="testGetDataByUserName" time="1.386"/>
  <testcase classname="api.test.UserTests2" name="testUpdateUserByUserName" time="3.120"/>
  <testcase classname="api.test.UserTests2" name="testDeleteUserByUserName" time="1.372"/>
</testsuite> <!-- api.test.UserTests2 -->
