<?xml version="1.0" encoding="UTF-8"?>
<!-- Generated by org.testng.reporters.JUnitReportReporter -->
<testsuite hostname="sameera-HP-Pavilion-g6-Notebook-PC" failures="0" tests="4" name="api.test.UserTests2" time="11.511" errors="0" timestamp="19 Aug 2024 16:33:34 GMT" skipped="0">
  <testcase classname="api.test.UserTests2" name="testPostUser" time="5.263"/>
  <testcase classname="api.test.UserTests2" name="testGetDataByUserName" time="1.659"/>
  <testcase classname="api.test.UserTests2" name="testUpdateUserByUserName" time="3.062"/>
  <testcase classname="api.test.UserTests2" name="testDeleteUserByUserName" time="1.527"/>
</testsuite> <!-- api.test.UserTests2 -->
